#
# There is insufficient memory for the Java Runtime Environment to continue.
# Native memory allocation (malloc) failed to allocate 1258096 bytes for Chunk::new
# Possible reasons:
#   The system is out of physical RAM or swap space
#   The process is running with CompressedOops enabled, and the Java Heap may be blocking the growth of the native heap
# Possible solutions:
#   Reduce memory load on the system
#   Increase physical memory or swap space
#   Check if swap backing store is full
#   Decrease Java heap size (-Xmx/-Xms)
#   Decrease number of Java threads
#   Decrease Java thread stack sizes (-Xss)
#   Set larger code cache with -XX:ReservedCodeCacheSize=
#   JVM is running with Unscaled Compressed Oops mode in which the Java heap is
#     placed in the first 4GB address space. The Java Heap base address is the
#     maximum limit for the native heap growth. Please use -XX:HeapBaseMinAddress
#     to set the Java Heap base and to place the Java Heap above 4GB virtual address.
# This output file may be truncated or incomplete.
#
#  Out of Memory Error (./open/src/hotspot/share/memory/arena.cpp:195), pid=10284, tid=6656
#
# JRE version: OpenJDK Runtime Environment (15.0.2+7) (build 15.0.2+7-27)
# Java VM: OpenJDK 64-Bit Server VM (15.0.2+7-27, mixed mode, tiered, compressed oops, g1 gc, windows-amd64)
# No core dump will be written. Minidumps are not enabled by default on client versions of Windows
#

---------------  S U M M A R Y ------------

Command Line: -Dfile.encoding=UTF-8 -XX:+ShowCodeDetailsInExceptionMessages br.com.alura.forum.ForumApplication

Host: Intel(R) Core(TM) i7-8550U CPU @ 1.80GHz, 8 cores, 7G,  Windows 10 , 64 bit Build 19041 (10.0.19041.1202)
Time: Sun Oct 17 16:55:58 2021 Hora oficial do Brasil elapsed time: 14.962251 seconds (0d 0h 0m 14s)

---------------  T H R E A D  ---------------

Current thread (0x0000020a2b22dee0):  JavaThread "C2 CompilerThread1" daemon [_thread_in_native, id=6656, stack(0x000000b4a1000000,0x000000b4a1100000)]


Current CompileTask:
C2:  14962 5711       4       java.lang.invoke.MethodType::makeImpl (108 bytes)

Stack: [0x000000b4a1000000,0x000000b4a1100000]
Native frames: (J=compiled Java code, j=interpreted, Vv=VM code, C=native code)
V  [jvm.dll+0x62ae9a]
V  [jvm.dll+0x7817a9]
V  [jvm.dll+0x782f03]
V  [jvm.dll+0x783563]
V  [jvm.dll+0x216325]
V  [jvm.dll+0x97f3a]
V  [jvm.dll+0x9861c]
V  [jvm.dll+0x32e2a8]
V  [jvm.dll+0x2f768a]
V  [jvm.dll+0x2f6a4a]
V  [jvm.dll+0x1ea705]
V  [jvm.dll+0x1e996e]
V  [jvm.dll+0x178567]
V  [jvm.dll+0x1f9225]
V  [jvm.dll+0x1f72cc]
V  [jvm.dll+0x74495d]
V  [jvm.dll+0x73d75a]
V  [jvm.dll+0x629c56]
C  [ucrtbase.dll+0x21bb2]
C  [KERNEL32.DLL+0x17034]
C  [ntdll.dll+0x52651]


---------------  P R O C E S S  ---------------

Threads class SMR info:
_java_thread_list=0x0000020a2ef80fc0, length=32, elements={
0x0000020a2917e020, 0x0000020a299c9060, 0x0000020a29182a40, 0x0000020a299e64e0,
0x0000020a299e6e90, 0x0000020a29184990, 0x0000020a299ea2d0, 0x0000020a29187390,
0x0000020a29b492f0, 0x0000020a29b4d4e0, 0x0000020a2e9eeb80, 0x0000020a2cdf02a0,
0x0000020a2e887cc0, 0x0000020a2cfb8780, 0x0000020a2cfb9120, 0x0000020a2cfba930,
0x0000020a2cfbc140, 0x0000020a2cfbae00, 0x0000020a2cfbb2d0, 0x0000020a2cfbbc70,
0x0000020a2cfb8c50, 0x0000020a2cfb9ac0, 0x0000020a2cfb9f90, 0x0000020a2cfba460,
0x0000020a2cc55b40, 0x0000020a2cc57820, 0x0000020a2cc59ea0, 0x0000020a2cc57cf0,
0x0000020a2cc58b60, 0x0000020a2cc58690, 0x0000020a2cc54cd0, 0x0000020a2b22dee0
}

Java Threads: ( => current thread )
  0x0000020a2917e020 JavaThread "Reference Handler" daemon [_thread_blocked, id=8016, stack(0x000000b4a0500000,0x000000b4a0600000)]
  0x0000020a299c9060 JavaThread "Finalizer" daemon [_thread_blocked, id=6460, stack(0x000000b4a0600000,0x000000b4a0700000)]
  0x0000020a29182a40 JavaThread "Signal Dispatcher" daemon [_thread_blocked, id=7528, stack(0x000000b4a0700000,0x000000b4a0800000)]
  0x0000020a299e64e0 JavaThread "Attach Listener" daemon [_thread_blocked, id=5544, stack(0x000000b4a0800000,0x000000b4a0900000)]
  0x0000020a299e6e90 JavaThread "Service Thread" daemon [_thread_blocked, id=7688, stack(0x000000b4a0900000,0x000000b4a0a00000)]
  0x0000020a29184990 JavaThread "C2 CompilerThread0" daemon [_thread_in_native, id=2612, stack(0x000000b4a0a00000,0x000000b4a0b00000)]
  0x0000020a299ea2d0 JavaThread "C1 CompilerThread0" daemon [_thread_blocked, id=7436, stack(0x000000b4a0b00000,0x000000b4a0c00000)]
  0x0000020a29187390 JavaThread "Sweeper thread" daemon [_thread_blocked, id=8640, stack(0x000000b4a0c00000,0x000000b4a0d00000)]
  0x0000020a29b492f0 JavaThread "Notification Thread" daemon [_thread_blocked, id=1148, stack(0x000000b4a0d00000,0x000000b4a0e00000)]
  0x0000020a29b4d4e0 JavaThread "Common-Cleaner" daemon [_thread_blocked, id=7932, stack(0x000000b4a0f00000,0x000000b4a1000000)]
  0x0000020a2e9eeb80 JavaThread "Catalina-utility-1" [_thread_blocked, id=7520, stack(0x000000b4a1500000,0x000000b4a1600000)]
  0x0000020a2cdf02a0 JavaThread "Catalina-utility-2" [_thread_blocked, id=14184, stack(0x000000b4a1d00000,0x000000b4a1e00000)]
  0x0000020a2e887cc0 JavaThread "container-0" [_thread_blocked, id=11216, stack(0x000000b4a1e00000,0x000000b4a1f00000)]
  0x0000020a2cfb8780 JavaThread "HikariPool-1 housekeeper" daemon [_thread_blocked, id=7596, stack(0x000000b4a1f00000,0x000000b4a2000000)]
  0x0000020a2cfb9120 JavaThread "Live Reload Server" daemon [_thread_in_native, id=11516, stack(0x000000b4a2200000,0x000000b4a2300000)]
  0x0000020a2cfba930 JavaThread "File Watcher" daemon [_thread_blocked, id=11288, stack(0x000000b4a2100000,0x000000b4a2200000)]
  0x0000020a2cfbc140 JavaThread "NioBlockingSelector.BlockPoller-1" daemon [_thread_in_native, id=11224, stack(0x000000b4a2300000,0x000000b4a2400000)]
  0x0000020a2cfbae00 JavaThread "http-nio-8080-exec-1" daemon [_thread_blocked, id=8904, stack(0x000000b4a2400000,0x000000b4a2500000)]
  0x0000020a2cfbb2d0 JavaThread "http-nio-8080-exec-2" daemon [_thread_in_Java, id=14140, stack(0x000000b4a2500000,0x000000b4a2600000)]
  0x0000020a2cfbbc70 JavaThread "http-nio-8080-exec-3" daemon [_thread_blocked, id=6984, stack(0x000000b4a2600000,0x000000b4a2700000)]
  0x0000020a2cfb8c50 JavaThread "http-nio-8080-exec-4" daemon [_thread_blocked, id=10432, stack(0x000000b4a2700000,0x000000b4a2800000)]
  0x0000020a2cfb9ac0 JavaThread "http-nio-8080-exec-5" daemon [_thread_blocked, id=1672, stack(0x000000b4a2800000,0x000000b4a2900000)]
  0x0000020a2cfb9f90 JavaThread "http-nio-8080-exec-6" daemon [_thread_blocked, id=560, stack(0x000000b4a2900000,0x000000b4a2a00000)]
  0x0000020a2cfba460 JavaThread "http-nio-8080-exec-7" daemon [_thread_blocked, id=8804, stack(0x000000b4a2a00000,0x000000b4a2b00000)]
  0x0000020a2cc55b40 JavaThread "http-nio-8080-exec-8" daemon [_thread_blocked, id=11128, stack(0x000000b4a2b00000,0x000000b4a2c00000)]
  0x0000020a2cc57820 JavaThread "http-nio-8080-exec-9" daemon [_thread_blocked, id=13580, stack(0x000000b4a2c00000,0x000000b4a2d00000)]
  0x0000020a2cc59ea0 JavaThread "http-nio-8080-exec-10" daemon [_thread_blocked, id=6664, stack(0x000000b4a2d00000,0x000000b4a2e00000)]
  0x0000020a2cc57cf0 JavaThread "http-nio-8080-ClientPoller-0" daemon [_thread_in_native, id=11800, stack(0x000000b4a2e00000,0x000000b4a2f00000)]
  0x0000020a2cc58b60 JavaThread "http-nio-8080-ClientPoller-1" daemon [_thread_in_native, id=11272, stack(0x000000b4a2f00000,0x000000b4a3000000)]
  0x0000020a2cc58690 JavaThread "http-nio-8080-Acceptor-0" daemon [_thread_in_native, id=7056, stack(0x000000b4a3000000,0x000000b4a3100000)]
  0x0000020a2cc54cd0 JavaThread "DestroyJavaVM" [_thread_blocked, id=3736, stack(0x000000b49fe00000,0x000000b49ff00000)]
=>0x0000020a2b22dee0 JavaThread "C2 CompilerThread1" daemon [_thread_in_native, id=6656, stack(0x000000b4a1000000,0x000000b4a1100000)]

Other Threads:
  0x0000020a2999b9d0 VMThread "VM Thread" [stack: 0x000000b4a0400000,0x000000b4a0500000] [id=4252]
  0x0000020a29b4a3f0 WatcherThread [stack: 0x000000b4a0e00000,0x000000b4a0f00000] [id=2640]
  0x0000020a0ceda430 GCTaskThread "GC Thread#0" [stack: 0x000000b49ff00000,0x000000b4a0000000] [id=10488]
  0x0000020a29fd6ce0 GCTaskThread "GC Thread#1" [stack: 0x000000b4a1100000,0x000000b4a1200000] [id=13140]
  0x0000020a29fd6680 GCTaskThread "GC Thread#2" [stack: 0x000000b4a1200000,0x000000b4a1300000] [id=10036]
  0x0000020a29fd5360 GCTaskThread "GC Thread#3" [stack: 0x000000b4a1600000,0x000000b4a1700000] [id=9980]
  0x0000020a29fd4d00 GCTaskThread "GC Thread#4" [stack: 0x000000b4a1700000,0x000000b4a1800000] [id=1684]
  0x0000020a29fd5030 GCTaskThread "GC Thread#5" [stack: 0x000000b4a1800000,0x000000b4a1900000] [id=7256]
  0x0000020a29fd7670 GCTaskThread "GC Thread#6" [stack: 0x000000b4a1900000,0x000000b4a1a00000] [id=1712]
  0x0000020a29fd4040 GCTaskThread "GC Thread#7" [stack: 0x000000b4a1a00000,0x000000b4a1b00000] [id=7736]
  0x0000020a0ceebba0 ConcurrentGCThread "G1 Main Marker" [stack: 0x000000b4a0000000,0x000000b4a0100000] [id=6888]
  0x0000020a0ceed820 ConcurrentGCThread "G1 Conc#0" [stack: 0x000000b4a0100000,0x000000b4a0200000] [id=6164]
  0x0000020a29fd4370 ConcurrentGCThread "G1 Conc#1" [stack: 0x000000b4a1b00000,0x000000b4a1c00000] [id=12340]
  0x0000020a28fa0090 ConcurrentGCThread "G1 Refine#0" [stack: 0x000000b4a0200000,0x000000b4a0300000] [id=3744]
  0x0000020a28fa1a40 ConcurrentGCThread "G1 Young RemSet Sampling" [stack: 0x000000b4a0300000,0x000000b4a0400000] [id=6588]

Threads with active compile tasks:
C2 CompilerThread0    15125 5724       4       java.lang.reflect.Method::getDeclaredAnnotations (5 bytes)
C1 CompilerThread0    15125 5728       3       com.fasterxml.jackson.databind.introspect.AnnotationMap::get (21 bytes)
C2 CompilerThread1    15126 5711       4       java.lang.invoke.MethodType::makeImpl (108 bytes)

VM state: not at safepoint (normal execution)

VM Mutex/Monitor currently owned by a thread: None

Heap address: 0x0000000081400000, size: 2028 MB, Compressed Oops mode: 32-bit
CDS disabled.
Compressed class space mapped at: 0x0000000100000000-0x0000000140000000, size: 1073741824
Narrow klass base: 0x0000000000000000, Narrow klass shift: 3, Narrow klass range: 0x140000000

GC Precious Log:
 CPUs: 8 total, 8 available
 Memory: 8106M
 Large Page Support: Disabled
 NUMA Support: Disabled
 Compressed Oops: Enabled (32-bit)
 Heap Region Size: 1M
 Heap Min Capacity: 8M
 Heap Initial Capacity: 128M
 Heap Max Capacity: 2028M
 Pre-touch: Disabled
 Parallel Workers: 8
 Concurrent Workers: 2
 Concurrent Refinement Workers: 8
 Periodic GC: Disabled

Heap:
 garbage-first heap   total 66560K, used 49424K [0x0000000081400000, 0x0000000100000000)
  region size 1024K, 24 young (24576K), 3 survivors (3072K)
 Metaspace       used 68917K, capacity 69503K, committed 69808K, reserved 1110016K
  class space    used 8456K, capacity 8633K, committed 8704K, reserved 1048576K

Heap Regions: E=young(eden), S=young(survivor), O=old, HS=humongous(starts), HC=humongous(continues), CS=collection set, F=free, OA=open archive, CA=closed archive, TAMS=top-at-mark-start (previous, next)
|   0|0x0000000081400000, 0x0000000081500000, 0x0000000081500000|100%|HS|  |TAMS 0x0000000081500000, 0x0000000081400000| Complete 
|   1|0x0000000081500000, 0x0000000081600000, 0x0000000081600000|100%| O|  |TAMS 0x0000000081600000, 0x0000000081500000| Untracked 
|   2|0x0000000081600000, 0x0000000081700000, 0x0000000081700000|100%| O|  |TAMS 0x0000000081700000, 0x0000000081600000| Untracked 
|   3|0x0000000081700000, 0x0000000081800000, 0x0000000081800000|100%| O|  |TAMS 0x0000000081800000, 0x0000000081700000| Untracked 
|   4|0x0000000081800000, 0x0000000081900000, 0x0000000081900000|100%| O|  |TAMS 0x0000000081900000, 0x0000000081800000| Untracked 
|   5|0x0000000081900000, 0x00000000819d3e00, 0x0000000081a00000| 82%| O|  |TAMS 0x00000000819d3e00, 0x0000000081900000| Untracked 
|   6|0x0000000081a00000, 0x0000000081b00000, 0x0000000081b00000|100%| O|  |TAMS 0x0000000081b00000, 0x0000000081a00000| Untracked 
|   7|0x0000000081b00000, 0x0000000081c00000, 0x0000000081c00000|100%| O|  |TAMS 0x0000000081c00000, 0x0000000081b00000| Untracked 
|   8|0x0000000081c00000, 0x0000000081d00000, 0x0000000081d00000|100%| O|  |TAMS 0x0000000081d00000, 0x0000000081c00000| Untracked 
|   9|0x0000000081d00000, 0x0000000081e00000, 0x0000000081e00000|100%| O|  |TAMS 0x0000000081e00000, 0x0000000081d00000| Untracked 
|  10|0x0000000081e00000, 0x0000000081f00000, 0x0000000081f00000|100%| O|  |TAMS 0x0000000081f00000, 0x0000000081e00000| Untracked 
|  11|0x0000000081f00000, 0x0000000082000000, 0x0000000082000000|100%| O|  |TAMS 0x0000000082000000, 0x0000000081f00000| Untracked 
|  12|0x0000000082000000, 0x0000000082100000, 0x0000000082100000|100%| O|  |TAMS 0x0000000082100000, 0x0000000082000000| Untracked 
|  13|0x0000000082100000, 0x0000000082200000, 0x0000000082200000|100%| O|  |TAMS 0x0000000082200000, 0x0000000082100000| Untracked 
|  14|0x0000000082200000, 0x0000000082300000, 0x0000000082300000|100%| O|  |TAMS 0x0000000082300000, 0x0000000082200000| Untracked 
|  15|0x0000000082300000, 0x0000000082400000, 0x0000000082400000|100%| O|  |TAMS 0x0000000082400000, 0x0000000082300000| Untracked 
|  16|0x0000000082400000, 0x0000000082500000, 0x0000000082500000|100%| O|  |TAMS 0x0000000082500000, 0x0000000082400000| Untracked 
|  17|0x0000000082500000, 0x0000000082600000, 0x0000000082600000|100%| O|  |TAMS 0x0000000082600000, 0x0000000082500000| Untracked 
|  18|0x0000000082600000, 0x0000000082700000, 0x0000000082700000|100%| O|  |TAMS 0x0000000082700000, 0x0000000082600000| Untracked 
|  19|0x0000000082700000, 0x0000000082800000, 0x0000000082800000|100%| O|  |TAMS 0x0000000082800000, 0x0000000082700000| Untracked 
|  20|0x0000000082800000, 0x0000000082900000, 0x0000000082900000|100%| O|  |TAMS 0x0000000082900000, 0x0000000082800000| Untracked 
|  21|0x0000000082900000, 0x0000000082a00000, 0x0000000082a00000|100%| O|  |TAMS 0x0000000082a00000, 0x0000000082900000| Untracked 
|  22|0x0000000082a00000, 0x0000000082b00000, 0x0000000082b00000|100%| O|  |TAMS 0x0000000082b00000, 0x0000000082a00000| Untracked 
|  23|0x0000000082b00000, 0x0000000082c00000, 0x0000000082c00000|100%| O|  |TAMS 0x0000000082c00000, 0x0000000082b00000| Untracked 
|  24|0x0000000082c00000, 0x0000000082d00000, 0x0000000082d00000|100%| O|  |TAMS 0x0000000082cc7200, 0x0000000082c00000| Untracked 
|  25|0x0000000082d00000, 0x0000000082e00000, 0x0000000082e00000|100%| O|  |TAMS 0x0000000082d00000, 0x0000000082d00000| Untracked 
|  26|0x0000000082e00000, 0x0000000082ee7000, 0x0000000082f00000| 90%| O|  |TAMS 0x0000000082e00000, 0x0000000082e00000| Untracked 
|  27|0x0000000082f00000, 0x0000000082f00000, 0x0000000083000000|  0%| F|  |TAMS 0x0000000082f00000, 0x0000000082f00000| Untracked 
|  28|0x0000000083000000, 0x0000000083000000, 0x0000000083100000|  0%| F|  |TAMS 0x0000000083000000, 0x0000000083000000| Untracked 
|  29|0x0000000083100000, 0x0000000083100000, 0x0000000083200000|  0%| F|  |TAMS 0x0000000083100000, 0x0000000083100000| Untracked 
|  30|0x0000000083200000, 0x0000000083200000, 0x0000000083300000|  0%| F|  |TAMS 0x0000000083200000, 0x0000000083200000| Untracked 
|  31|0x0000000083300000, 0x0000000083300000, 0x0000000083400000|  0%| F|  |TAMS 0x0000000083300000, 0x0000000083300000| Untracked 
|  32|0x0000000083400000, 0x0000000083400000, 0x0000000083500000|  0%| F|  |TAMS 0x0000000083400000, 0x0000000083400000| Untracked 
|  33|0x0000000083500000, 0x0000000083589410, 0x0000000083600000| 53%| S|CS|TAMS 0x0000000083500000, 0x0000000083500000| Complete 
|  34|0x0000000083600000, 0x0000000083700000, 0x0000000083700000|100%| S|CS|TAMS 0x0000000083600000, 0x0000000083600000| Complete 
|  35|0x0000000083700000, 0x0000000083700000, 0x0000000083800000|  0%| F|  |TAMS 0x0000000083700000, 0x0000000083700000| Untracked 
|  36|0x0000000083800000, 0x0000000083800000, 0x0000000083900000|  0%| F|  |TAMS 0x0000000083800000, 0x0000000083800000| Untracked 
|  37|0x0000000083900000, 0x0000000083900000, 0x0000000083a00000|  0%| F|  |TAMS 0x0000000083900000, 0x0000000083900000| Untracked 
|  38|0x0000000083a00000, 0x0000000083b00000, 0x0000000083b00000|100%| S|CS|TAMS 0x0000000083a00000, 0x0000000083a00000| Complete 
|  39|0x0000000083b00000, 0x0000000083b00000, 0x0000000083c00000|  0%| F|  |TAMS 0x0000000083b00000, 0x0000000083b00000| Untracked 
|  40|0x0000000083c00000, 0x0000000083c00000, 0x0000000083d00000|  0%| F|  |TAMS 0x0000000083c00000, 0x0000000083c00000| Untracked 
|  41|0x0000000083d00000, 0x0000000083d00000, 0x0000000083e00000|  0%| F|  |TAMS 0x0000000083d00000, 0x0000000083d00000| Untracked 
|  42|0x0000000083e00000, 0x0000000083e00000, 0x0000000083f00000|  0%| F|  |TAMS 0x0000000083e00000, 0x0000000083e00000| Untracked 
|  43|0x0000000083f00000, 0x0000000083f00000, 0x0000000084000000|  0%| F|  |TAMS 0x0000000083f00000, 0x0000000083f00000| Untracked 
|  44|0x0000000084000000, 0x0000000084100000, 0x0000000084100000|100%| E|  |TAMS 0x0000000084000000, 0x0000000084000000| Complete 
|  45|0x0000000084100000, 0x0000000084200000, 0x0000000084200000|100%| E|  |TAMS 0x0000000084100000, 0x0000000084100000| Complete 
|  46|0x0000000084200000, 0x0000000084300000, 0x0000000084300000|100%| E|CS|TAMS 0x0000000084200000, 0x0000000084200000| Complete 
|  47|0x0000000084300000, 0x0000000084400000, 0x0000000084400000|100%| E|CS|TAMS 0x0000000084300000, 0x0000000084300000| Complete 
|  48|0x0000000084400000, 0x0000000084500000, 0x0000000084500000|100%| E|CS|TAMS 0x0000000084400000, 0x0000000084400000| Complete 
|  49|0x0000000084500000, 0x0000000084600000, 0x0000000084600000|100%| E|CS|TAMS 0x0000000084500000, 0x0000000084500000| Complete 
|  50|0x0000000084600000, 0x0000000084700000, 0x0000000084700000|100%| E|CS|TAMS 0x0000000084600000, 0x0000000084600000| Complete 
|  51|0x0000000084700000, 0x0000000084800000, 0x0000000084800000|100%| E|CS|TAMS 0x0000000084700000, 0x0000000084700000| Complete 
|  52|0x0000000084800000, 0x0000000084900000, 0x0000000084900000|100%| E|CS|TAMS 0x0000000084800000, 0x0000000084800000| Complete 
|  53|0x0000000084900000, 0x0000000084a00000, 0x0000000084a00000|100%| E|CS|TAMS 0x0000000084900000, 0x0000000084900000| Complete 
|  54|0x0000000084a00000, 0x0000000084b00000, 0x0000000084b00000|100%| E|CS|TAMS 0x0000000084a00000, 0x0000000084a00000| Complete 
|  55|0x0000000084b00000, 0x0000000084c00000, 0x0000000084c00000|100%| E|CS|TAMS 0x0000000084b00000, 0x0000000084b00000| Complete 
|  56|0x0000000084c00000, 0x0000000084d00000, 0x0000000084d00000|100%| E|CS|TAMS 0x0000000084c00000, 0x0000000084c00000| Complete 
|  57|0x0000000084d00000, 0x0000000084e00000, 0x0000000084e00000|100%| E|CS|TAMS 0x0000000084d00000, 0x0000000084d00000| Complete 
|  58|0x0000000084e00000, 0x0000000084f00000, 0x0000000084f00000|100%| E|CS|TAMS 0x0000000084e00000, 0x0000000084e00000| Complete 
|  59|0x0000000084f00000, 0x0000000085000000, 0x0000000085000000|100%| E|CS|TAMS 0x0000000084f00000, 0x0000000084f00000| Complete 
|  95|0x0000000087300000, 0x0000000087400000, 0x0000000087400000|100%| E|CS|TAMS 0x0000000087300000, 0x0000000087300000| Complete 
|  97|0x0000000087500000, 0x0000000087600000, 0x0000000087600000|100%| E|CS|TAMS 0x0000000087500000, 0x0000000087500000| Complete 
|  98|0x0000000087600000, 0x0000000087700000, 0x0000000087700000|100%| E|CS|TAMS 0x0000000087600000, 0x0000000087600000| Complete 
| 126|0x0000000089200000, 0x0000000089300000, 0x0000000089300000|100%| E|CS|TAMS 0x0000000089200000, 0x0000000089200000| Complete 
| 127|0x0000000089300000, 0x0000000089400000, 0x0000000089400000|100%| E|CS|TAMS 0x0000000089300000, 0x0000000089300000| Complete 

Card table byte_map: [0x0000020a21f20000,0x0000020a22320000] _byte_map_base: 0x0000020a21b16000

Marking Bits (Prev, Next): (CMBitMap*) 0x0000020a0cedac20, (CMBitMap*) 0x0000020a0cedac60
 Prev Bits: [0x0000020a22720000, 0x0000020a246d0000)
 Next Bits: [0x0000020a246d0000, 0x0000020a26680000)

Polling page: 0x0000020a0cf70000

Metaspace:

Usage:
  Non-class:     59.51 MB capacity,    59.09 MB (>99%) used,   349.34 KB ( <1%) free+waste,    84.38 KB ( <1%) overhead. 
      Class:      8.46 MB capacity,     8.27 MB ( 98%) used,   171.51 KB (  2%) free+waste,    30.38 KB ( <1%) overhead. 
       Both:     67.97 MB capacity,    67.35 MB (>99%) used,   520.84 KB ( <1%) free+waste,   114.75 KB ( <1%) overhead. 

Virtual space:
  Non-class space:       60.00 MB reserved,      59.67 MB (>99%) committed 
      Class space:        1.00 GB reserved,       8.50 MB ( <1%) committed 
             Both:        1.06 GB reserved,      68.17 MB (  6%) committed 

Chunk freelists:
   Non-Class:  37.00 KB
       Class:  6.00 KB
        Both:  43.00 KB

MaxMetaspaceSize: 17179869184.00 GB
CompressedClassSpaceSize: 1.00 GB

CodeHeap 'non-profiled nmethods': size=120000Kb used=3168Kb max_used=3168Kb free=116831Kb
 bounds [0x0000020a19b90000, 0x0000020a19eb0000, 0x0000020a210c0000]
CodeHeap 'profiled nmethods': size=120000Kb used=10496Kb max_used=10496Kb free=109503Kb
 bounds [0x0000020a12660000, 0x0000020a130b0000, 0x0000020a19b90000]
CodeHeap 'non-nmethods': size=5760Kb used=1322Kb max_used=1410Kb free=4437Kb
 bounds [0x0000020a120c0000, 0x0000020a12330000, 0x0000020a12660000]
 total_blobs=5593 nmethods=4976 adapters=528
 compilation: enabled
              stopped_count=0, restarted_count=0
 full_count=0

Compilation events (20 events):
Event: 14.838 Thread 0x0000020a2b22dee0 5711       4       java.lang.invoke.MethodType::makeImpl (108 bytes)
Event: 14.863 Thread 0x0000020a299ea2d0 5712       3       java.text.DontCareFieldPosition$1::formatted (1 bytes)
Event: 14.863 Thread 0x0000020a299ea2d0 nmethod 5712 0x0000020a13097090 code [0x0000020a13097220, 0x0000020a13097318]
Event: 14.864 Thread 0x0000020a299ea2d0 5713       3       java.util.IdentityHashMap::init (11 bytes)
Event: 14.864 Thread 0x0000020a299ea2d0 nmethod 5713 0x0000020a13097390 code [0x0000020a13097520, 0x0000020a13097718]
Event: 14.869 Thread 0x0000020a299ea2d0 5715       3       java.lang.ThreadLocal::setInitialValue (50 bytes)
Event: 14.870 Thread 0x0000020a299ea2d0 nmethod 5715 0x0000020a13097810 code [0x0000020a13097a40, 0x0000020a13098338]
Event: 14.870 Thread 0x0000020a299ea2d0 5716       1       org.apache.tomcat.util.http.MimeHeaderField::getName (5 bytes)
Event: 14.870 Thread 0x0000020a299ea2d0 nmethod 5716 0x0000020a19e9fe10 code [0x0000020a19e9ffa0, 0x0000020a19ea0058]
Event: 14.870 Thread 0x0000020a29184990 nmethod 5697 0x0000020a19ea0110 code [0x0000020a19ea0340, 0x0000020a19ea2138]
Event: 14.870 Thread 0x0000020a29184990 5707       4       org.springframework.core.annotation.AnnotatedElementUtils::searchWithFindSemantics (22 bytes)
Event: 14.877 Thread 0x0000020a29184990 nmethod 5707 0x0000020a19ea3410 code [0x0000020a19ea35c0, 0x0000020a19ea3858]
Event: 14.877 Thread 0x0000020a29184990 5714   !   4       java.util.zip.ZipFile$ZipFileInflaterInputStream::close (67 bytes)
Event: 14.879 Thread 0x0000020a299ea2d0 5717  s    3       java.lang.StringBuffer::append (13 bytes)
Event: 14.879 Thread 0x0000020a299ea2d0 nmethod 5717 0x0000020a13098510 code [0x0000020a130986c0, 0x0000020a130988e8]
Event: 14.892 Thread 0x0000020a299ea2d0 5718       3       java.lang.Character::valueOf (21 bytes)
Event: 14.892 Thread 0x0000020a299ea2d0 nmethod 5718 0x0000020a13098990 code [0x0000020a13098b40, 0x0000020a13098db8]
Event: 14.906 Thread 0x0000020a29184990 nmethod 5714 0x0000020a19ea3a90 code [0x0000020a19ea3ce0, 0x0000020a19ea5260]
Event: 14.913 Thread 0x0000020a299ea2d0 5719       3       jdk.internal.loader.ClassLoaders::bootLoader (4 bytes)
Event: 14.913 Thread 0x0000020a299ea2d0 nmethod 5719 0x0000020a13098f10 code [0x0000020a130990a0, 0x0000020a13099198]

GC Heap History (20 events):
Event: 4.118 GC heap before
{Heap before GC invocations=13 (full 0):
 garbage-first heap   total 55296K, used 39854K [0x0000000081400000, 0x0000000100000000)
  region size 1024K, 22 young (22528K), 2 survivors (2048K)
 Metaspace       used 39043K, capacity 39462K, committed 39728K, reserved 1085440K
  class space    used 4478K, capacity 4614K, committed 4736K, reserved 1048576K
}
Event: 4.120 GC heap after
{Heap after GC invocations=14 (full 0):
 garbage-first heap   total 55296K, used 20429K [0x0000000081400000, 0x0000000100000000)
  region size 1024K, 2 young (2048K), 2 survivors (2048K)
 Metaspace       used 39043K, capacity 39462K, committed 39728K, reserved 1085440K
  class space    used 4478K, capacity 4614K, committed 4736K, reserved 1048576K
}
Event: 4.252 GC heap before
{Heap before GC invocations=14 (full 0):
 garbage-first heap   total 55296K, used 40909K [0x0000000081400000, 0x0000000100000000)
  region size 1024K, 23 young (23552K), 2 survivors (2048K)
 Metaspace       used 40014K, capacity 40530K, committed 40752K, reserved 1085440K
  class space    used 4566K, capacity 4712K, committed 4736K, reserved 1048576K
}
Event: 4.254 GC heap after
{Heap after GC invocations=15 (full 0):
 garbage-first heap   total 55296K, used 21155K [0x0000000081400000, 0x0000000100000000)
  region size 1024K, 3 young (3072K), 3 survivors (3072K)
 Metaspace       used 40014K, capacity 40530K, committed 40752K, reserved 1085440K
  class space    used 4566K, capacity 4712K, committed 4736K, reserved 1048576K
}
Event: 4.326 GC heap before
{Heap before GC invocations=15 (full 0):
 garbage-first heap   total 55296K, used 41635K [0x0000000081400000, 0x0000000100000000)
  region size 1024K, 24 young (24576K), 3 survivors (3072K)
 Metaspace       used 40384K, capacity 40885K, committed 41136K, reserved 1085440K
  class space    used 4599K, capacity 4745K, committed 4864K, reserved 1048576K
}
Event: 4.328 GC heap after
{Heap after GC invocations=16 (full 0):
 garbage-first heap   total 55296K, used 21245K [0x0000000081400000, 0x0000000100000000)
  region size 1024K, 1 young (1024K), 1 survivors (1024K)
 Metaspace       used 40384K, capacity 40885K, committed 41136K, reserved 1085440K
  class space    used 4599K, capacity 4745K, committed 4864K, reserved 1048576K
}
Event: 5.217 GC heap before
{Heap before GC invocations=16 (full 0):
 garbage-first heap   total 55296K, used 43773K [0x0000000081400000, 0x0000000100000000)
  region size 1024K, 24 young (24576K), 1 survivors (1024K)
 Metaspace       used 46471K, capacity 46880K, committed 47152K, reserved 1091584K
  class space    used 5276K, capacity 5396K, committed 5504K, reserved 1048576K
}
Event: 5.225 GC heap after
{Heap after GC invocations=17 (full 0):
 garbage-first heap   total 55296K, used 23129K [0x0000000081400000, 0x0000000100000000)
  region size 1024K, 3 young (3072K), 3 survivors (3072K)
 Metaspace       used 46471K, capacity 46880K, committed 47152K, reserved 1091584K
  class space    used 5276K, capacity 5396K, committed 5504K, reserved 1048576K
}
Event: 6.543 GC heap before
{Heap before GC invocations=17 (full 0):
 garbage-first heap   total 55296K, used 43609K [0x0000000081400000, 0x0000000100000000)
  region size 1024K, 23 young (23552K), 3 survivors (3072K)
 Metaspace       used 52184K, capacity 52742K, committed 52912K, reserved 1095680K
  class space    used 6195K, capacity 6389K, committed 6400K, reserved 1048576K
}
Event: 6.547 GC heap after
{Heap after GC invocations=18 (full 0):
 garbage-first heap   total 55296K, used 24339K [0x0000000081400000, 0x0000000100000000)
  region size 1024K, 2 young (2048K), 2 survivors (2048K)
 Metaspace       used 52184K, capacity 52742K, committed 52912K, reserved 1095680K
  class space    used 6195K, capacity 6389K, committed 6400K, reserved 1048576K
}
Event: 7.189 GC heap before
{Heap before GC invocations=18 (full 0):
 garbage-first heap   total 55296K, used 43795K [0x0000000081400000, 0x0000000100000000)
  region size 1024K, 21 young (21504K), 2 survivors (2048K)
 Metaspace       used 57198K, capacity 57778K, committed 58032K, reserved 1099776K
  class space    used 6930K, capacity 7127K, committed 7168K, reserved 1048576K
}
Event: 7.194 GC heap after
{Heap after GC invocations=19 (full 0):
 garbage-first heap   total 55296K, used 25217K [0x0000000081400000, 0x0000000100000000)
  region size 1024K, 3 young (3072K), 3 survivors (3072K)
 Metaspace       used 57198K, capacity 57778K, committed 58032K, reserved 1099776K
  class space    used 6930K, capacity 7127K, committed 7168K, reserved 1048576K
}
Event: 7.458 GC heap before
{Heap before GC invocations=19 (full 0):
 garbage-first heap   total 55296K, used 35457K [0x0000000081400000, 0x0000000100000000)
  region size 1024K, 14 young (14336K), 3 survivors (3072K)
 Metaspace       used 59501K, capacity 60072K, committed 60208K, reserved 1101824K
  class space    used 7263K, capacity 7459K, committed 7552K, reserved 1048576K
}
Event: 7.460 GC heap after
{Heap after GC invocations=20 (full 0):
 garbage-first heap   total 55296K, used 25920K [0x0000000081400000, 0x0000000100000000)
  region size 1024K, 2 young (2048K), 2 survivors (2048K)
 Metaspace       used 59501K, capacity 60072K, committed 60208K, reserved 1101824K
  class space    used 7263K, capacity 7459K, committed 7552K, reserved 1048576K
}
Event: 7.969 GC heap before
{Heap before GC invocations=21 (full 0):
 garbage-first heap   total 55296K, used 43328K [0x0000000081400000, 0x0000000100000000)
  region size 1024K, 20 young (20480K), 2 survivors (2048K)
 Metaspace       used 62523K, capacity 63089K, committed 63408K, reserved 1105920K
  class space    used 7644K, capacity 7846K, committed 7936K, reserved 1048576K
}
Event: 7.973 GC heap after
{Heap after GC invocations=22 (full 0):
 garbage-first heap   total 55296K, used 27470K [0x0000000081400000, 0x0000000100000000)
  region size 1024K, 3 young (3072K), 3 survivors (3072K)
 Metaspace       used 62523K, capacity 63089K, committed 63408K, reserved 1105920K
  class space    used 7644K, capacity 7846K, committed 7936K, reserved 1048576K
}
Event: 8.322 GC heap before
{Heap before GC invocations=22 (full 0):
 garbage-first heap   total 55296K, used 43854K [0x0000000081400000, 0x0000000100000000)
  region size 1024K, 19 young (19456K), 3 survivors (3072K)
 Metaspace       used 64832K, capacity 65464K, committed 65712K, reserved 1107968K
  class space    used 7934K, capacity 8145K, committed 8192K, reserved 1048576K
}
Event: 8.327 GC heap after
{Heap after GC invocations=23 (full 0):
 garbage-first heap   total 55296K, used 28874K [0x0000000081400000, 0x0000000100000000)
  region size 1024K, 3 young (3072K), 3 survivors (3072K)
 Metaspace       used 64832K, capacity 65464K, committed 65712K, reserved 1107968K
  class space    used 7934K, capacity 8145K, committed 8192K, reserved 1048576K
}
Event: 8.594 GC heap before
{Heap before GC invocations=24 (full 0):
 garbage-first heap   total 55296K, used 44234K [0x0000000081400000, 0x0000000100000000)
  region size 1024K, 18 young (18432K), 3 survivors (3072K)
 Metaspace       used 66132K, capacity 66791K, committed 66864K, reserved 1107968K
  class space    used 8105K, capacity 8307K, committed 8320K, reserved 1048576K
}
Event: 8.599 GC heap after
{Heap after GC invocations=25 (full 0):
 garbage-first heap   total 66560K, used 29968K [0x0000000081400000, 0x0000000100000000)
  region size 1024K, 3 young (3072K), 3 survivors (3072K)
 Metaspace       used 66132K, capacity 66791K, committed 66864K, reserved 1107968K
  class space    used 8105K, capacity 8307K, committed 8320K, reserved 1048576K
}

Deoptimization events (20 events):
Event: 9.784 Thread 0x0000020a2cfba930 DEOPT PACKING pc=0x0000020a19e4a89c sp=0x000000b4a21feac0
Event: 9.784 Thread 0x0000020a2cfba930 DEOPT UNPACKING pc=0x0000020a1210e42f sp=0x000000b4a21fea90 mode 2
Event: 14.565 Thread 0x0000020a2cc57cf0 Uncommon trap: trap_request=0xffffff54 fr.pc=0x0000020a19df1784 relative=0x0000000000002d64
Event: 14.565 Thread 0x0000020a2cc57cf0 Uncommon trap: reason=speculate_null_assert action=make_not_entrant pc=0x0000020a19df1784 method=java.lang.invoke.MethodType$ConcurrentWeakInternSet.add(Ljava/lang/Object;)Ljava/lang/Object; @ 47 c2
Event: 14.565 Thread 0x0000020a2cc57cf0 DEOPT PACKING pc=0x0000020a19df1784 sp=0x000000b4a2efe190
Event: 14.565 Thread 0x0000020a2cc57cf0 DEOPT UNPACKING pc=0x0000020a1210e42f sp=0x000000b4a2efe128 mode 2
Event: 14.631 Thread 0x0000020a2cfbb2d0 DEOPT PACKING pc=0x0000020a13078fa7 sp=0x000000b4a25fd6f0
Event: 14.631 Thread 0x0000020a2cfbb2d0 DEOPT UNPACKING pc=0x0000020a1210e23f sp=0x000000b4a25fcc70 mode 0
Event: 14.651 Thread 0x0000020a2cfbae00 DEOPT PACKING pc=0x0000020a12f00681 sp=0x000000b4a24fd940
Event: 14.651 Thread 0x0000020a2cfbae00 DEOPT UNPACKING pc=0x0000020a1210e23f sp=0x000000b4a24fce30 mode 0
Event: 14.754 Thread 0x0000020a2cfbb2d0 DEOPT PACKING pc=0x0000020a127bd244 sp=0x000000b4a25fcef0
Event: 14.754 Thread 0x0000020a2cfbb2d0 DEOPT UNPACKING pc=0x0000020a1210e23f sp=0x000000b4a25fc470 mode 0
Event: 14.891 Thread 0x0000020a2cfbb2d0 Uncommon trap: trap_request=0xffffff45 fr.pc=0x0000020a19c6ee58 relative=0x0000000000000058
Event: 14.891 Thread 0x0000020a2cfbb2d0 Uncommon trap: reason=unstable_if action=reinterpret pc=0x0000020a19c6ee58 method=java.util.Objects.equals(Ljava/lang/Object;Ljava/lang/Object;)Z @ 6 c2
Event: 14.891 Thread 0x0000020a2cfbb2d0 DEOPT PACKING pc=0x0000020a19c6ee58 sp=0x000000b4a25fc560
Event: 14.891 Thread 0x0000020a2cfbb2d0 DEOPT UNPACKING pc=0x0000020a1210e42f sp=0x000000b4a25fc500 mode 2
Event: 14.912 Thread 0x0000020a2cfbb2d0 Uncommon trap: trap_request=0xffffff45 fr.pc=0x0000020a19e9eadc relative=0x00000000000016fc
Event: 14.912 Thread 0x0000020a2cfbb2d0 Uncommon trap: reason=unstable_if action=reinterpret pc=0x0000020a19e9eadc method=java.util.concurrent.ConcurrentHashMap.putVal(Ljava/lang/Object;Ljava/lang/Object;Z)Ljava/lang/Object; @ 162 c2
Event: 14.912 Thread 0x0000020a2cfbb2d0 DEOPT PACKING pc=0x0000020a19e9eadc sp=0x000000b4a25fd390
Event: 14.912 Thread 0x0000020a2cfbb2d0 DEOPT UNPACKING pc=0x0000020a1210e42f sp=0x000000b4a25fd328 mode 2

Classes unloaded (0 events):
No events

Classes redefined (0 events):
No events

Internal exceptions (20 events):
Event: 8.055 Thread 0x0000020a2ade8500 Exception <a 'java/lang/reflect/InvocationTargetException'{0x000000008752ae18}> (0x000000008752ae18) 
thrown [./open/src/hotspot/share/runtime/reflection.cpp, line 1157]
Event: 8.070 Thread 0x0000020a2ade8500 Exception <a 'java/lang/NoSuchMethodError'{0x0000000087587328}: 'int java.lang.invoke.DirectMethodHandle$Holder.invokeStatic(java.lang.Object, java.lang.Object, int)'> (0x0000000087587328) 
thrown [./open/src/hotspot/share/interpreter/linkResolver.cpp, line 782]
Event: 8.073 Thread 0x0000020a2ade8500 Exception <a 'java/lang/NoSuchMethodError'{0x00000000875a3458}: 'java.lang.Object java.lang.invoke.DirectMethodHandle$Holder.invokeStatic(java.lang.Object, java.lang.Object, int, java.lang.Object)'> (0x00000000875a3458) 
thrown [./open/src/hotspot/share/interpreter/linkResolver.cpp, line 782]
Event: 8.074 Thread 0x0000020a2ade8500 Exception <a 'java/lang/NoSuchMethodError'{0x00000000875ab2f0}: 'java.lang.Object java.lang.invoke.DirectMethodHandle$Holder.newInvokeSpecial(java.lang.Object, java.lang.Object, int)'> (0x00000000875ab2f0) 
thrown [./open/src/hotspot/share/interpreter/linkResolver.cpp, line 782]
Event: 8.128 Thread 0x0000020a2ade8500 Exception <a 'java/lang/reflect/InvocationTargetException'{0x000000008433add8}> (0x000000008433add8) 
thrown [./open/src/hotspot/share/runtime/reflection.cpp, line 1157]
Event: 8.147 Thread 0x0000020a2ade8500 Exception <a 'java/lang/NoSuchMethodError'{0x0000000084219770}: 'void java.lang.invoke.DirectMethodHandle$Holder.invokeStaticInit(java.lang.Object, java.lang.Object, java.lang.Object, java.lang.Object)'> (0x0000000084219770) 
thrown [./open/src/hotspot/share/interpreter/linkResolver.cpp, line 782]
Event: 8.198 Thread 0x0000020a2ade8500 Exception <a 'java/lang/NoSuchMethodError'{0x000000008402e7a8}: 'java.lang.Object java.lang.invoke.DirectMethodHandle$Holder.invokeInterface(java.lang.Object, java.lang.Object, java.lang.Object, java.lang.Object)'> (0x000000008402e7a8) 
thrown [./open/src/hotspot/share/interpreter/linkResolver.cpp, line 782]
Event: 8.251 Thread 0x0000020a2ade8500 Exception <a 'java/lang/ClassNotFoundException'{0x0000000083ec4c68}: java/lang/ObjectCustomizer> (0x0000000083ec4c68) 
thrown [./open/src/hotspot/share/classfile/systemDictionary.cpp, line 295]
Event: 8.251 Thread 0x0000020a2ade8500 Exception <a 'java/lang/ClassNotFoundException'{0x0000000083ecbe90}: org/springframework/web/servlet/config/annotation/WebMvcConfigurationSupportCustomizer> (0x0000000083ecbe90) 
thrown [./open/src/hotspot/share/classfile/systemDictionary.cpp, line 295]
Event: 8.252 Thread 0x0000020a2ade8500 Exception <a 'java/lang/ClassNotFoundException'{0x0000000083eda770}: org/springframework/web/servlet/config/annotation/DelegatingWebMvcConfigurationCustomizer> (0x0000000083eda770) 
thrown [./open/src/hotspot/share/classfile/systemDictionary.cpp, line 295]
Event: 8.253 Thread 0x0000020a2ade8500 Exception <a 'java/lang/ClassNotFoundException'{0x0000000083ee2980}: org/springframework/boot/autoconfigure/web/servlet/WebMvcAutoConfiguration$EnableWebMvcConfigurationCustomizer> (0x0000000083ee2980) 
thrown [./open/src/hotspot/share/classfile/systemDictionary.cpp, line 295]
Event: 8.253 Thread 0x0000020a2ade8500 Exception <a 'java/lang/ClassNotFoundException'{0x0000000083eecc78}: org/springframework/boot/autoconfigure/web/servlet/WebMvcAutoConfiguration$EnableWebMvcConfiguration$$EnhancerBySpringCGLIB$$68605ac7Customizer> (0x0000000083eecc78) 
thrown [./open/src/hotspot/share/classfile/systemDictionary.cpp, line 295]
Event: 8.254 Thread 0x0000020a2ade8500 Exception <a 'java/lang/ClassNotFoundException'{0x0000000083d078a8}: org/springframework/context/annotation/ConfigurationClassEnhancer$EnhancedConfigurationCustomizer> (0x0000000083d078a8) 
thrown [./open/src/hotspot/share/classfile/systemDictionary.cpp, line 295]
Event: 8.254 Thread 0x0000020a2ade8500 Exception <a 'java/lang/ClassNotFoundException'{0x0000000083d0b1c8}: org/springframework/beans/factory/BeanFactoryAwareCustomizer> (0x0000000083d0b1c8) 
thrown [./open/src/hotspot/share/classfile/systemDictionary.cpp, line 295]
Event: 8.254 Thread 0x0000020a2ade8500 Exception <a 'java/lang/ClassNotFoundException'{0x0000000083d0fe40}: org/springframework/beans/factory/AwareCustomizer> (0x0000000083d0fe40) 
thrown [./open/src/hotspot/share/classfile/systemDictionary.cpp, line 295]
Event: 8.255 Thread 0x0000020a2ade8500 Exception <a 'java/lang/ClassNotFoundException'{0x0000000083d13700}: org/springframework/context/ApplicationContextAwareCustomizer> (0x0000000083d13700) 
thrown [./open/src/hotspot/share/classfile/systemDictionary.cpp, line 295]
Event: 8.255 Thread 0x0000020a2ade8500 Exception <a 'java/lang/ClassNotFoundException'{0x0000000083d187a0}: org/springframework/beans/factory/AwareCustomizer> (0x0000000083d187a0) 
thrown [./open/src/hotspot/share/classfile/systemDictionary.cpp, line 295]
Event: 8.255 Thread 0x0000020a2ade8500 Exception <a 'java/lang/ClassNotFoundException'{0x0000000083d1c028}: org/springframework/web/context/ServletContextAwareCustomizer> (0x0000000083d1c028) 
thrown [./open/src/hotspot/share/classfile/systemDictionary.cpp, line 295]
Event: 8.256 Thread 0x0000020a2ade8500 Exception <a 'java/lang/ClassNotFoundException'{0x0000000083d20950}: org/springframework/beans/factory/AwareCustomizer> (0x0000000083d20950) 
thrown [./open/src/hotspot/share/classfile/systemDictionary.cpp, line 295]
Event: 8.437 Thread 0x0000020a2ade8500 Exception <a 'java/lang/NoSuchMethodError'{0x000000008426c5d8}: 'void java.lang.invoke.DirectMethodHandle$Holder.invokeVirtual(java.lang.Object, java.lang.Object, int)'> (0x000000008426c5d8) 
thrown [./open/src/hotspot/share/interpreter/linkResolver.cpp, line 782]

Events (20 events):
Event: 14.679 loading class sun/nio/cs/ThreadLocalCoders$Cache done
Event: 14.679 loading class sun/nio/cs/ThreadLocalCoders$1 done
Event: 14.679 loading class sun/nio/cs/ThreadLocalCoders$2
Event: 14.679 loading class sun/nio/cs/ThreadLocalCoders$2 done
Event: 14.694 Executing VM operation: HandshakeAllThreads
Event: 14.694 Executing VM operation: HandshakeAllThreads done
Event: 14.770 Executing VM operation: HandshakeAllThreads
Event: 14.770 Executing VM operation: HandshakeAllThreads done
Event: 14.775 Thread 0x0000020a29187390 flushing nmethod 0x0000020a12794310
Event: 14.789 Thread 0x0000020a2b22dee0 Thread added: 0x0000020a2b22dee0
Event: 14.878 loading class java/lang/Throwable$WrappedPrintWriter
Event: 14.878 loading class java/lang/Throwable$PrintStreamOrWriter
Event: 14.878 loading class java/lang/Throwable$PrintStreamOrWriter done
Event: 14.878 loading class java/lang/Throwable$WrappedPrintWriter done
Event: 14.888 loading class java/time/format/DateTimeParseException
Event: 14.888 loading class java/time/format/DateTimeParseException done
Event: 14.890 loading class java/time/format/DateTimeFormatterBuilder$ZoneTextPrinterParser
Event: 14.891 loading class java/time/format/DateTimeFormatterBuilder$ZoneTextPrinterParser done
Event: 14.891 loading class java/time/format/DateTimeFormatterBuilder$ReducedPrinterParser
Event: 14.892 loading class java/time/format/DateTimeFormatterBuilder$ReducedPrinterParser done


Dynamic libraries:
0x00007ff6be3b0000 - 0x00007ff6be3bd000 	C:\Users\danie\.p2\pool\plugins\org.eclipse.justj.openjdk.hotspot.jre.full.win32.x86_64_15.0.2.v20210201-0955\jre\bin\javaw.exe
0x00007ffd4f9f0000 - 0x00007ffd4fbe5000 	C:\WINDOWS\SYSTEM32\ntdll.dll
0x00007ffd4f3b0000 - 0x00007ffd4f46e000 	C:\WINDOWS\System32\KERNEL32.DLL
0x00007ffd4d110000 - 0x00007ffd4d3d9000 	C:\WINDOWS\System32\KERNELBASE.dll
0x00007ffd4d4d0000 - 0x00007ffd4d5d0000 	C:\WINDOWS\System32\ucrtbase.dll
0x00007ffd421c0000 - 0x00007ffd421d8000 	C:\Users\danie\.p2\pool\plugins\org.eclipse.justj.openjdk.hotspot.jre.full.win32.x86_64_15.0.2.v20210201-0955\jre\bin\jli.dll
0x00007ffd420e0000 - 0x00007ffd420f9000 	C:\Users\danie\.p2\pool\plugins\org.eclipse.justj.openjdk.hotspot.jre.full.win32.x86_64_15.0.2.v20210201-0955\jre\bin\VCRUNTIME140.dll
0x00007ffd4e2d0000 - 0x00007ffd4e471000 	C:\WINDOWS\System32\USER32.dll
0x00007ffd36bc0000 - 0x00007ffd36e5a000 	C:\WINDOWS\WinSxS\amd64_microsoft.windows.common-controls_6595b64144ccf1df_6.0.19041.1110_none_60b5254171f9507e\COMCTL32.dll
0x00007ffd4d670000 - 0x00007ffd4d692000 	C:\WINDOWS\System32\win32u.dll
0x00007ffd4eb90000 - 0x00007ffd4ebbb000 	C:\WINDOWS\System32\GDI32.dll
0x00007ffd4e500000 - 0x00007ffd4e59e000 	C:\WINDOWS\System32\msvcrt.dll
0x00007ffd4d930000 - 0x00007ffd4da3b000 	C:\WINDOWS\System32\gdi32full.dll
0x00007ffd4d5d0000 - 0x00007ffd4d66d000 	C:\WINDOWS\System32\msvcp_win.dll
0x00007ffd4ea30000 - 0x00007ffd4ea60000 	C:\WINDOWS\System32\IMM32.DLL
0x00007ffd458b0000 - 0x00007ffd458bc000 	C:\Users\danie\.p2\pool\plugins\org.eclipse.justj.openjdk.hotspot.jre.full.win32.x86_64_15.0.2.v20210201-0955\jre\bin\vcruntime140_1.dll
0x00007ffd39830000 - 0x00007ffd398c1000 	C:\Users\danie\.p2\pool\plugins\org.eclipse.justj.openjdk.hotspot.jre.full.win32.x86_64_15.0.2.v20210201-0955\jre\bin\msvcp140.dll
0x00007ffcd9a30000 - 0x00007ffcda58e000 	C:\Users\danie\.p2\pool\plugins\org.eclipse.justj.openjdk.hotspot.jre.full.win32.x86_64_15.0.2.v20210201-0955\jre\bin\server\jvm.dll
0x00007ffd4e220000 - 0x00007ffd4e2cc000 	C:\WINDOWS\System32\ADVAPI32.dll
0x00007ffd4e180000 - 0x00007ffd4e21b000 	C:\WINDOWS\System32\sechost.dll
0x00007ffd4f880000 - 0x00007ffd4f9aa000 	C:\WINDOWS\System32\RPCRT4.dll
0x00007ffd4e5a0000 - 0x00007ffd4e5a8000 	C:\WINDOWS\System32\PSAPI.DLL
0x00007ffd458e0000 - 0x00007ffd458e9000 	C:\WINDOWS\SYSTEM32\WSOCK32.dll
0x00007ffd36b40000 - 0x00007ffd36b67000 	C:\WINDOWS\SYSTEM32\WINMM.dll
0x00007ffd3f4d0000 - 0x00007ffd3f4da000 	C:\WINDOWS\SYSTEM32\VERSION.dll
0x00007ffd4f080000 - 0x00007ffd4f0eb000 	C:\WINDOWS\System32\WS2_32.dll
0x00007ffd4b1f0000 - 0x00007ffd4b202000 	C:\WINDOWS\SYSTEM32\kernel.appcore.dll
0x00007ffd32830000 - 0x00007ffd3283a000 	C:\Users\danie\.p2\pool\plugins\org.eclipse.justj.openjdk.hotspot.jre.full.win32.x86_64_15.0.2.v20210201-0955\jre\bin\jimage.dll
0x00007ffd4ada0000 - 0x00007ffd4af84000 	C:\WINDOWS\SYSTEM32\DBGHELP.DLL
0x00007ffd3b5d0000 - 0x00007ffd3b5fc000 	C:\WINDOWS\SYSTEM32\dbgcore.DLL
0x00007ffd4d3e0000 - 0x00007ffd4d463000 	C:\WINDOWS\System32\bcryptPrimitives.dll
0x00007ffd32800000 - 0x00007ffd32825000 	C:\Users\danie\.p2\pool\plugins\org.eclipse.justj.openjdk.hotspot.jre.full.win32.x86_64_15.0.2.v20210201-0955\jre\bin\java.dll
0x00007ffd327e0000 - 0x00007ffd327f8000 	C:\Users\danie\.p2\pool\plugins\org.eclipse.justj.openjdk.hotspot.jre.full.win32.x86_64_15.0.2.v20210201-0955\jre\bin\zip.dll
0x00007ffd4da40000 - 0x00007ffd4e17f000 	C:\WINDOWS\System32\SHELL32.dll
0x00007ffd4b210000 - 0x00007ffd4b9a0000 	C:\WINDOWS\SYSTEM32\windows.storage.dll
0x00007ffd4f520000 - 0x00007ffd4f875000 	C:\WINDOWS\System32\combase.dll
0x00007ffd4cb60000 - 0x00007ffd4cb8c000 	C:\WINDOWS\SYSTEM32\Wldp.dll
0x00007ffd4f470000 - 0x00007ffd4f51d000 	C:\WINDOWS\System32\SHCORE.dll
0x00007ffd4ef50000 - 0x00007ffd4efa5000 	C:\WINDOWS\System32\shlwapi.dll
0x00007ffd4d050000 - 0x00007ffd4d06f000 	C:\WINDOWS\SYSTEM32\profapi.dll
0x00007ffd24af0000 - 0x00007ffd24b09000 	C:\Users\danie\.p2\pool\plugins\org.eclipse.justj.openjdk.hotspot.jre.full.win32.x86_64_15.0.2.v20210201-0955\jre\bin\net.dll
0x00007ffd41e60000 - 0x00007ffd41f68000 	C:\WINDOWS\SYSTEM32\WINHTTP.dll
0x00007ffd4c8c0000 - 0x00007ffd4c92a000 	C:\WINDOWS\system32\mswsock.dll
0x00007ffd20010000 - 0x00007ffd20022000 	C:\Users\danie\.p2\pool\plugins\org.eclipse.justj.openjdk.hotspot.jre.full.win32.x86_64_15.0.2.v20210201-0955\jre\bin\nio.dll
0x00007ffd2ff40000 - 0x00007ffd2ff50000 	C:\Users\danie\.p2\pool\plugins\org.eclipse.justj.openjdk.hotspot.jre.full.win32.x86_64_15.0.2.v20210201-0955\jre\bin\verify.dll
0x00007ffd42ad0000 - 0x00007ffd42ad9000 	C:\Users\danie\.p2\pool\plugins\org.eclipse.justj.openjdk.hotspot.jre.full.win32.x86_64_15.0.2.v20210201-0955\jre\bin\management.dll
0x00007ffd420d0000 - 0x00007ffd420db000 	C:\Users\danie\.p2\pool\plugins\org.eclipse.justj.openjdk.hotspot.jre.full.win32.x86_64_15.0.2.v20210201-0955\jre\bin\management_ext.dll
0x00007ffd39810000 - 0x00007ffd39827000 	C:\WINDOWS\system32\napinsp.dll
0x00007ffd397f0000 - 0x00007ffd3980b000 	C:\WINDOWS\system32\pnrpnsp.dll
0x00007ffd27800000 - 0x00007ffd27815000 	C:\WINDOWS\system32\wshbth.dll
0x00007ffd456d0000 - 0x00007ffd456ed000 	C:\WINDOWS\system32\NLAapi.dll
0x00007ffd4c560000 - 0x00007ffd4c59b000 	C:\WINDOWS\SYSTEM32\IPHLPAPI.DLL
0x00007ffd4c5a0000 - 0x00007ffd4c66c000 	C:\WINDOWS\SYSTEM32\DNSAPI.dll
0x00007ffd4f200000 - 0x00007ffd4f208000 	C:\WINDOWS\System32\NSI.dll
0x00007ffd397d0000 - 0x00007ffd397e2000 	C:\WINDOWS\System32\winrnr.dll
0x00007ffd419e0000 - 0x00007ffd419ea000 	C:\Windows\System32\rasadhlp.dll
0x00007ffd41de0000 - 0x00007ffd41e5f000 	C:\WINDOWS\System32\fwpuclnt.dll
0x00007ffd4d8b0000 - 0x00007ffd4d8d7000 	C:\WINDOWS\System32\bcrypt.dll
0x00007ffd4cac0000 - 0x00007ffd4cad8000 	C:\WINDOWS\SYSTEM32\CRYPTSP.dll
0x00007ffd4c1d0000 - 0x00007ffd4c204000 	C:\WINDOWS\system32\rsaenh.dll
0x00007ffd4d010000 - 0x00007ffd4d03e000 	C:\WINDOWS\SYSTEM32\USERENV.dll
0x00007ffd4cab0000 - 0x00007ffd4cabc000 	C:\WINDOWS\SYSTEM32\CRYPTBASE.dll
0x00007ffd42650000 - 0x00007ffd42667000 	C:\WINDOWS\SYSTEM32\dhcpcsvc6.DLL
0x00007ffd42ca0000 - 0x00007ffd42cbd000 	C:\WINDOWS\SYSTEM32\dhcpcsvc.DLL

dbghelp: loaded successfully - version: 4.0.5 - missing functions: none
symbol engine: initialized successfully - sym options: 0x614 - pdb path: .;C:\Users\danie\.p2\pool\plugins\org.eclipse.justj.openjdk.hotspot.jre.full.win32.x86_64_15.0.2.v20210201-0955\jre\bin;C:\WINDOWS\SYSTEM32;C:\WINDOWS\WinSxS\amd64_microsoft.windows.common-controls_6595b64144ccf1df_6.0.19041.1110_none_60b5254171f9507e;C:\Users\danie\.p2\pool\plugins\org.eclipse.justj.openjdk.hotspot.jre.full.win32.x86_64_15.0.2.v20210201-0955\jre\bin\server

VM Arguments:
jvm_args: -Dfile.encoding=UTF-8 -XX:+ShowCodeDetailsInExceptionMessages 
java_command: br.com.alura.forum.ForumApplication
java_class_path (initial): C:\projetos-eclipse2\forum\target\classes;C:\Users\danie\.m2\repository\org\springframework\boot\spring-boot-starter-web\2.1.4.RELEASE\spring-boot-starter-web-2.1.4.RELEASE.jar;C:\Users\danie\.m2\repository\org\springframework\boot\spring-boot-starter\2.1.4.RELEASE\spring-boot-starter-2.1.4.RELEASE.jar;C:\Users\danie\.m2\repository\org\springframework\boot\spring-boot-starter-logging\2.1.4.RELEASE\spring-boot-starter-logging-2.1.4.RELEASE.jar;C:\Users\danie\.m2\repository\ch\qos\logback\logback-classic\1.2.3\logback-classic-1.2.3.jar;C:\Users\danie\.m2\repository\ch\qos\logback\logback-core\1.2.3\logback-core-1.2.3.jar;C:\Users\danie\.m2\repository\org\apache\logging\log4j\log4j-to-slf4j\2.11.2\log4j-to-slf4j-2.11.2.jar;C:\Users\danie\.m2\repository\org\apache\logging\log4j\log4j-api\2.11.2\log4j-api-2.11.2.jar;C:\Users\danie\.m2\repository\org\slf4j\jul-to-slf4j\1.7.26\jul-to-slf4j-1.7.26.jar;C:\Users\danie\.m2\repository\javax\annotation\javax.annotation-api\1.3.2\javax.annotation-api-1.3.2.jar;C:\Users\danie\.m2\repository\org\yaml\snakeyaml\1.23\snakeyaml-1.23.jar;C:\Users\danie\.m2\repository\org\springframework\boot\spring-boot-starter-json\2.1.4.RELEASE\spring-boot-starter-json-2.1.4.RELEASE.jar;C:\Users\danie\.m2\repository\com\fasterxml\jackson\core\jackson-databind\2.9.8\jackson-databind-2.9.8.jar;C:\Users\danie\.m2\repository\com\fasterxml\jackson\core\jackson-annotations\2.9.0\jackson-annotations-2.9.0.jar;C:\Users\danie\.m2\repository\com\fasterxml\jackson\core\jackson-core\2.9.8\jackson-core-2.9.8.jar;C:\Users\danie\.m2\repository\com\fasterxml\jackson\datatype\jackson-datatype-jdk8\2.9.8\jackson-datatype-jdk8-2.9.8.jar;C:\Users\danie\.m2\repository\com\fasterxml\jackson\datatype\jackson-datatype-jsr310\2.9.8\jackson-datatype-jsr310-2.9.8.jar;C:\Users\danie\.m2\repository\com\fasterxml\jackson\module\jackson-module-parameter-names\2.9.8\jackson-module-parameter-names-2.9.8.jar;C:\Users\danie\.m2\repository\org\springframewo
Launcher Type: SUN_STANDARD

[Global flags]
     intx CICompilerCount                          = 4                                         {product} {ergonomic}
     uint ConcGCThreads                            = 2                                         {product} {ergonomic}
     uint G1ConcRefinementThreads                  = 8                                         {product} {ergonomic}
   size_t G1HeapRegionSize                         = 1048576                                   {product} {ergonomic}
    uintx GCDrainStackTargetSize                   = 64                                        {product} {ergonomic}
   size_t InitialHeapSize                          = 134217728                                 {product} {ergonomic}
   size_t MarkStackSize                            = 4194304                                   {product} {ergonomic}
   size_t MaxHeapSize                              = 2126512128                                {product} {ergonomic}
   size_t MaxNewSize                               = 1275068416                                {product} {ergonomic}
   size_t MinHeapDeltaBytes                        = 1048576                                   {product} {ergonomic}
   size_t MinHeapSize                              = 8388608                                   {product} {ergonomic}
    uintx NonNMethodCodeHeapSize                   = 5839372                                {pd product} {ergonomic}
    uintx NonProfiledCodeHeapSize                  = 122909434                              {pd product} {ergonomic}
    uintx ProfiledCodeHeapSize                     = 122909434                              {pd product} {ergonomic}
    uintx ReservedCodeCacheSize                    = 251658240                              {pd product} {ergonomic}
     bool SegmentedCodeCache                       = true                                      {product} {ergonomic}
     bool ShowCodeDetailsInExceptionMessages       = true                                   {manageable} {command line}
   size_t SoftMaxHeapSize                          = 2126512128                             {manageable} {ergonomic}
     bool UseCompressedClassPointers               = true                                 {lp64_product} {ergonomic}
     bool UseCompressedOops                        = true                                 {lp64_product} {ergonomic}
     bool UseG1GC                                  = true                                      {product} {ergonomic}
     bool UseLargePagesIndividualAllocation        = false                                  {pd product} {ergonomic}

Logging:
Log output configuration:
 #0: stdout all=warning uptime,level,tags
 #1: stderr all=off uptime,level,tags

Environment Variables:
JAVA_HOME=C:\Program Files\Java\jdk1.8.0_301
PATH=C:/Users/danie/.p2/pool/plugins/org.eclipse.justj.openjdk.hotspot.jre.full.win32.x86_64_15.0.2.v20210201-0955/jre/bin/server;C:/Users/danie/.p2/pool/plugins/org.eclipse.justj.openjdk.hotspot.jre.full.win32.x86_64_15.0.2.v20210201-0955/jre/bin;C:\app\danie\product\18.0.0\dbhomeXE\bin;C:\Program Files (x86)\Common Files\Oracle\Java\javapath;C:\Program Files (x86)\Intel\Intel(R) Management Engine Components\iCLS\;C:\Program Files\Intel\Intel(R) Management Engine Components\iCLS\;C:\windows\system32;C:\windows;C:\windows\System32\Wbem;C:\windows\System32\WindowsPowerShell\v1.0\;C:\Program Files (x86)\NVIDIA Corporation\PhysX\Common;C:\Program Files (x86)\Intel\Intel(R) Management Engine Components\DAL;C:\Program Files\Intel\Intel(R) Management Engine Components\DAL;C:\Program Files (x86)\Intel\Intel(R) Management Engine Components\IPT;C:\Program Files\Intel\Intel(R) Management Engine Components\IPT;C:\WINDOWS\system32;C:\WINDOWS;C:\WINDOWS\System32\Wbem;C:\WINDOWS\System32\WindowsPowerShell\v1.0\;C:\WINDOWS\System32\OpenSSH\;C:\Program Files\Git\cmd;C:\Program Files\nodejs\;C:\Program Files (x86)\HP\Common\HPDestPlgIn\;C:\Program Files\MySQL\MySQL Shell 8.0\bin\;C:\Users\danie\AppData\Local\Microsoft\WindowsApps;C:\Users\danie\AppData\Roaming\npm;C:\Users\danie\AppData\Local\Programs\Microsoft VS Code\bin;C:\Program Files\php;C:\Program Files (x86)\HP\Common\HPDestPlgIn\;C:\Program Files\JetBrains\IntelliJ IDEA Community Edition 2021.2\bin;;C:\WINDOWS\System32;
USERNAME=danie
OS=Windows_NT
PROCESSOR_IDENTIFIER=Intel64 Family 6 Model 142 Stepping 10, GenuineIntel



---------------  S Y S T E M  ---------------

OS:
 Windows 10 , 64 bit Build 19041 (10.0.19041.1202)
OS uptime: 2 days 21:02 hours

CPU: total 8 (initial active 8) (4 cores per cpu, 2 threads per core) family 6 model 142 stepping 10 microcode 0xb4, cmov, cx8, fxsr, mmx, sse, sse2, sse3, ssse3, sse4.1, sse4.2, popcnt, vzeroupper, avx, avx2, aes, clmul, erms, 3dnowpref, lzcnt, ht, tsc, tscinvbit, bmi1, bmi2, adx, fma, clflush, clflushopt

Memory: 4k page, system-wide physical 8106M (603M free)
TotalPageFile size 8106M (AvailPageFile size 5M)
current process WorkingSet (physical memory assigned to process): 231M, peak: 258M
current process commit charge ("private bytes"): 272M, peak: 296M

vm_info: OpenJDK 64-Bit Server VM (15.0.2+7-27) for windows-amd64 JRE (15.0.2+7-27), built on Dec  7 2020 20:02:38 by "mach5one" with unknown MS VC++:1925

END.
